<?xml version="1.0" encoding="UTF-8"?>
<coverage generated="1634587580759" clover="3.2.0">
  <project timestamp="1634587580759" name="All files">
    <metrics statements="9" coveredstatements="9" conditionals="10" coveredconditionals="5" methods="3" coveredmethods="3" elements="22" coveredelements="17" complexity="0" loc="9" ncloc="9" packages="2" files="2" classes="2"/>
    <package name="Ubademy">
      <metrics statements="8" coveredstatements="8" conditionals="10" coveredconditionals="5" methods="2" coveredmethods="2"/>
      <file name="App.js" path="/home/rodrigo/Projects/uba/ubademy-mobile/Ubademy/App.js">
        <metrics statements="8" coveredstatements="8" conditionals="10" coveredconditionals="5" methods="2" coveredmethods="2"/>
        <line num="29" count="1" type="stmt"/>
        <line num="30" count="4" type="stmt"/>
        <line num="31" count="4" type="stmt"/>
        <line num="55" count="1" type="stmt"/>
        <line num="56" count="2" type="stmt"/>
        <line num="58" count="1" type="stmt"/>
        <line num="62" count="1" type="stmt"/>
        <line num="93" count="1" type="stmt"/>
      </file>
    </package>
    <package name="src.components.Button">
      <metrics statements="1" coveredstatements="1" conditionals="0" coveredconditionals="0" methods="1" coveredmethods="1"/>
      <file name="index.js" path="/home/rodrigo/Projects/uba/ubademy-mobile/src/components/Button/index.js">
        <metrics statements="1" coveredstatements="1" conditionals="0" coveredconditionals="0" methods="1" coveredmethods="1"/>
        <line num="4" count="1" type="stmt"/>
      </file>
    </package>
  </project>
</coverage>
